<?xml version="1.0" encoding="UTF-8"?>
<testng-results skipped="0" failed="0" ignored="0" total="1" passed="1">
  <reporter-output>
  </reporter-output>
  <suite name="Default suite" duration-ms="19999" started-at="2020-06-11T11:54:03Z" finished-at="2020-06-11T11:54:23Z">
    <groups>
    </groups>
    <test name="Default test" duration-ms="19999" started-at="2020-06-11T11:54:03Z" finished-at="2020-06-11T11:54:23Z">
      <class name="day1.Practice">
        <test-method status="PASS" signature="getDimensions()[pri:0, instance:day1.Practice@5c7fa833]" name="getDimensions" duration-ms="19962" started-at="2020-06-11T17:24:03Z" finished-at="2020-06-11T17:24:23Z">
          <reporter-output>
          </reporter-output>
        </test-method> <!-- getDimensions -->
      </class> <!-- day1.Practice -->
    </test> <!-- Default test -->
  </suite> <!-- Default suite -->
</testng-results>
